<?xml version="1.0" encoding="UTF-8"?>
<testng-results skipped="0" failed="2" total="4" passed="2">
  <reporter-output>
  </reporter-output>
  <suite name="Default suite" duration-ms="77103" started-at="2017-11-27T03:17:56Z" finished-at="2017-11-27T03:19:13Z">
    <groups>
    </groups>
    <test name="Default test" duration-ms="77103" started-at="2017-11-27T03:17:56Z" finished-at="2017-11-27T03:19:13Z">
      <class name="learn.java.com.automation.Data">
        <test-method status="PASS" signature="initialize()[pri:0, instance:learn.java.com.automation.Data@3c0ecd4b]" name="initialize" is-config="true" duration-ms="4014" started-at="2017-11-27T08:47:58Z" finished-at="2017-11-27T08:48:02Z">
          <reporter-output>
          </reporter-output>
        </test-method> <!-- initialize -->
        <test-method status="PASS" signature="Login(java.lang.String, java.lang.String)[pri:0, instance:learn.java.com.automation.Data@3c0ecd4b]" name="Login" duration-ms="19471" started-at="2017-11-27T08:48:02Z" data-provider="testdata" finished-at="2017-11-27T08:48:21Z">
          <params>
            <param index="0">
              <value>
                <![CDATA[vikrantjattan@gmail.com]]>
              </value>
            </param>
            <param index="1">
              <value>
                <![CDATA[vicky210790]]>
              </value>
            </param>
          </params>
          <reporter-output>
          </reporter-output>
        </test-method> <!-- Login -->
        <test-method status="PASS" signature="initialize()[pri:0, instance:learn.java.com.automation.Data@3c0ecd4b]" name="initialize" is-config="true" duration-ms="1916" started-at="2017-11-27T08:48:21Z" finished-at="2017-11-27T08:48:23Z">
          <reporter-output>
          </reporter-output>
        </test-method> <!-- initialize -->
        <test-method status="PASS" signature="quit()[pri:0, instance:learn.java.com.automation.Data@3c0ecd4b]" name="quit" is-config="true" duration-ms="0" started-at="2017-11-27T08:48:21Z" finished-at="2017-11-27T08:48:21Z">
          <reporter-output>
          </reporter-output>
        </test-method> <!-- quit -->
        <test-method status="PASS" signature="Login(java.lang.String, java.lang.String)[pri:0, instance:learn.java.com.automation.Data@3c0ecd4b]" name="Login" duration-ms="18208" started-at="2017-11-27T08:48:23Z" data-provider="testdata" finished-at="2017-11-27T08:48:41Z">
          <params>
            <param index="0">
              <value>
                <![CDATA[9991441999]]>
              </value>
            </param>
            <param index="1">
              <value>
                <![CDATA[vicky210790]]>
              </value>
            </param>
          </params>
          <reporter-output>
          </reporter-output>
        </test-method> <!-- Login -->
        <test-method status="PASS" signature="initialize()[pri:0, instance:learn.java.com.automation.Data@3c0ecd4b]" name="initialize" is-config="true" duration-ms="1887" started-at="2017-11-27T08:48:41Z" finished-at="2017-11-27T08:48:43Z">
          <reporter-output>
          </reporter-output>
        </test-method> <!-- initialize -->
        <test-method status="PASS" signature="quit()[pri:0, instance:learn.java.com.automation.Data@3c0ecd4b]" name="quit" is-config="true" duration-ms="0" started-at="2017-11-27T08:48:41Z" finished-at="2017-11-27T08:48:41Z">
          <reporter-output>
          </reporter-output>
        </test-method> <!-- quit -->
        <test-method status="FAIL" signature="Login(java.lang.String, java.lang.String)[pri:0, instance:learn.java.com.automation.Data@3c0ecd4b]" name="Login" duration-ms="11766" started-at="2017-11-27T08:48:43Z" data-provider="testdata" finished-at="2017-11-27T08:48:55Z">
          <params>
            <param index="0">
              <value>
                <![CDATA[admin3]]>
              </value>
            </param>
            <param index="1">
              <value>
                <![CDATA[admin@123]]>
              </value>
            </param>
          </params>
          <exception class="java.lang.AssertionError">
            <message>
              <![CDATA[Login not succesful expected [https://www.facebook.com/] but found [https://www.facebook.com/login.php?login_attempt=1&lwv=100]]]>
            </message>
            <full-stacktrace>
              <![CDATA[java.lang.AssertionError: Login not succesful expected [https://www.facebook.com/] but found [https://www.facebook.com/login.php?login_attempt=1&lwv=100]
	at org.testng.Assert.fail(Assert.java:94)
	at org.testng.Assert.failNotEquals(Assert.java:496)
	at org.testng.Assert.assertEquals(Assert.java:125)
	at org.testng.Assert.assertEquals(Assert.java:178)
	at learn.java.com.automation.Data.Login(Data.java:44)
	at sun.reflect.NativeMethodAccessorImpl.invoke0(Native Method)
	at sun.reflect.NativeMethodAccessorImpl.invoke(Unknown Source)
	at sun.reflect.DelegatingMethodAccessorImpl.invoke(Unknown Source)
	at java.lang.reflect.Method.invoke(Unknown Source)
	at org.testng.internal.MethodInvocationHelper.invokeMethod(MethodInvocationHelper.java:85)
	at org.testng.internal.Invoker.invokeMethod(Invoker.java:639)
	at org.testng.internal.Invoker.invokeTestMethod(Invoker.java:816)
	at org.testng.internal.Invoker.invokeTestMethods(Invoker.java:1124)
	at org.testng.internal.TestMethodWorker.invokeTestMethods(TestMethodWorker.java:125)
	at org.testng.internal.TestMethodWorker.run(TestMethodWorker.java:108)
	at org.testng.TestRunner.privateRun(TestRunner.java:774)
	at org.testng.TestRunner.run(TestRunner.java:624)
	at org.testng.SuiteRunner.runTest(SuiteRunner.java:359)
	at org.testng.SuiteRunner.runSequentially(SuiteRunner.java:354)
	at org.testng.SuiteRunner.privateRun(SuiteRunner.java:312)
	at org.testng.SuiteRunner.run(SuiteRunner.java:261)
	at org.testng.SuiteRunnerWorker.runSuite(SuiteRunnerWorker.java:52)
	at org.testng.SuiteRunnerWorker.run(SuiteRunnerWorker.java:86)
	at org.testng.TestNG.runSuitesSequentially(TestNG.java:1215)
	at org.testng.TestNG.runSuitesLocally(TestNG.java:1140)
	at org.testng.TestNG.run(TestNG.java:1048)
	at org.testng.remote.AbstractRemoteTestNG.run(AbstractRemoteTestNG.java:114)
	at org.testng.remote.RemoteTestNG.initAndRun(RemoteTestNG.java:251)
	at org.testng.remote.RemoteTestNG.main(RemoteTestNG.java:77)
]]>
            </full-stacktrace>
          </exception> <!-- java.lang.AssertionError -->
          <reporter-output>
          </reporter-output>
        </test-method> <!-- Login -->
        <test-method status="PASS" signature="quit()[pri:0, instance:learn.java.com.automation.Data@3c0ecd4b]" name="quit" is-config="true" duration-ms="1549" started-at="2017-11-27T08:48:55Z" finished-at="2017-11-27T08:48:56Z">
          <reporter-output>
          </reporter-output>
        </test-method> <!-- quit -->
        <test-method status="PASS" signature="initialize()[pri:0, instance:learn.java.com.automation.Data@3c0ecd4b]" name="initialize" is-config="true" duration-ms="1963" started-at="2017-11-27T08:48:56Z" finished-at="2017-11-27T08:48:58Z">
          <reporter-output>
          </reporter-output>
        </test-method> <!-- initialize -->
        <test-method status="FAIL" signature="Login(java.lang.String, java.lang.String)[pri:0, instance:learn.java.com.automation.Data@3c0ecd4b]" name="Login" duration-ms="13395" started-at="2017-11-27T08:48:58Z" data-provider="testdata" finished-at="2017-11-27T08:49:12Z">
          <params>
            <param index="0">
              <value>
                <![CDATA[admin4]]>
              </value>
            </param>
            <param index="1">
              <value>
                <![CDATA[admin@123]]>
              </value>
            </param>
          </params>
          <exception class="java.lang.AssertionError">
            <message>
              <![CDATA[Login not succesful expected [https://www.facebook.com/] but found [https://www.facebook.com/login.php?login_attempt=1&lwv=100]]]>
            </message>
            <full-stacktrace>
              <![CDATA[java.lang.AssertionError: Login not succesful expected [https://www.facebook.com/] but found [https://www.facebook.com/login.php?login_attempt=1&lwv=100]
	at org.testng.Assert.fail(Assert.java:94)
	at org.testng.Assert.failNotEquals(Assert.java:496)
	at org.testng.Assert.assertEquals(Assert.java:125)
	at org.testng.Assert.assertEquals(Assert.java:178)
	at learn.java.com.automation.Data.Login(Data.java:44)
	at sun.reflect.NativeMethodAccessorImpl.invoke0(Native Method)
	at sun.reflect.NativeMethodAccessorImpl.invoke(Unknown Source)
	at sun.reflect.DelegatingMethodAccessorImpl.invoke(Unknown Source)
	at java.lang.reflect.Method.invoke(Unknown Source)
	at org.testng.internal.MethodInvocationHelper.invokeMethod(MethodInvocationHelper.java:85)
	at org.testng.internal.Invoker.invokeMethod(Invoker.java:639)
	at org.testng.internal.Invoker.invokeTestMethod(Invoker.java:816)
	at org.testng.internal.Invoker.invokeTestMethods(Invoker.java:1124)
	at org.testng.internal.TestMethodWorker.invokeTestMethods(TestMethodWorker.java:125)
	at org.testng.internal.TestMethodWorker.run(TestMethodWorker.java:108)
	at org.testng.TestRunner.privateRun(TestRunner.java:774)
	at org.testng.TestRunner.run(TestRunner.java:624)
	at org.testng.SuiteRunner.runTest(SuiteRunner.java:359)
	at org.testng.SuiteRunner.runSequentially(SuiteRunner.java:354)
	at org.testng.SuiteRunner.privateRun(SuiteRunner.java:312)
	at org.testng.SuiteRunner.run(SuiteRunner.java:261)
	at org.testng.SuiteRunnerWorker.runSuite(SuiteRunnerWorker.java:52)
	at org.testng.SuiteRunnerWorker.run(SuiteRunnerWorker.java:86)
	at org.testng.TestNG.runSuitesSequentially(TestNG.java:1215)
	at org.testng.TestNG.runSuitesLocally(TestNG.java:1140)
	at org.testng.TestNG.run(TestNG.java:1048)
	at org.testng.remote.AbstractRemoteTestNG.run(AbstractRemoteTestNG.java:114)
	at org.testng.remote.RemoteTestNG.initAndRun(RemoteTestNG.java:251)
	at org.testng.remote.RemoteTestNG.main(RemoteTestNG.java:77)
]]>
            </full-stacktrace>
          </exception> <!-- java.lang.AssertionError -->
          <reporter-output>
          </reporter-output>
        </test-method> <!-- Login -->
        <test-method status="PASS" signature="quit()[pri:0, instance:learn.java.com.automation.Data@3c0ecd4b]" name="quit" is-config="true" duration-ms="1610" started-at="2017-11-27T08:49:12Z" finished-at="2017-11-27T08:49:13Z">
          <reporter-output>
          </reporter-output>
        </test-method> <!-- quit -->
      </class> <!-- learn.java.com.automation.Data -->
    </test> <!-- Default test -->
  </suite> <!-- Default suite -->
</testng-results>
